#
# There is insufficient memory for the Java Runtime Environment to continue.
# Native memory allocation (mmap) failed to map 266338304 bytes for G1 virtual space
# Possible reasons:
#   The system is out of physical RAM or swap space
#   The process is running with CompressedOops enabled, and the Java Heap may be blocking the growth of the native heap
# Possible solutions:
#   Reduce memory load on the system
#   Increase physical memory or swap space
#   Check if swap backing store is full
#   Decrease Java heap size (-Xmx/-Xms)
#   Decrease number of Java threads
#   Decrease Java thread stack sizes (-Xss)
#   Set larger code cache with -XX:ReservedCodeCacheSize=
#   JVM is running with Zero Based Compressed Oops mode in which the Java heap is
#     placed in the first 32GB address space. The Java Heap base address is the
#     maximum limit for the native heap growth. Please use -XX:HeapBaseMinAddress
#     to set the Java Heap base and to place the Java Heap above 32GB virtual address.
# This output file may be truncated or incomplete.
#
#  Out of Memory Error (os_windows.cpp:3829), pid=29580, tid=54204
#
# JRE version:  (17.0.8+7) (build )
# Java VM: OpenJDK 64-Bit Server VM (17.0.8+7-b1000.8, mixed mode, sharing, tiered, compressed oops, compressed class ptrs, g1 gc, windows-amd64)
# No core dump will be written. Minidumps are not enabled by default on client versions of Windows
#

---------------  S U M M A R Y ------------

Command Line: git4idea.http.GitAskPassApp Username for 'https://github.com': 

Host: Intel(R) Core(TM) i7-10750H CPU @ 2.60GHz, 12 cores, 15G,  Windows 10 , 64 bit Build 19041 (10.0.19041.3155)
Time: Fri Sep  1 07:01:23 2023 Jerusalem Daylight Time elapsed time: 0.034728 seconds (0d 0h 0m 0s)

---------------  T H R E A D  ---------------

Current thread (0x00000245bcaf71e0):  JavaThread "Unknown thread" [_thread_in_vm, id=54204, stack(0x0000006708100000,0x0000006708200000)]

Stack: [0x0000006708100000,0x0000006708200000]
Native frames: (J=compiled Java code, j=interpreted, Vv=VM code, C=native code)
V  [jvm.dll+0x6852da]
V  [jvm.dll+0x844c84]
V  [jvm.dll+0x84659e]
V  [jvm.dll+0x846c03]
V  [jvm.dll+0x24b7cf]
V  [jvm.dll+0x682049]
V  [jvm.dll+0x67671a]
V  [jvm.dll+0x30be2b]
V  [jvm.dll+0x3132d6]
V  [jvm.dll+0x36302e]
V  [jvm.dll+0x36325f]
V  [jvm.dll+0x2e1f48]
V  [jvm.dll+0x2e2eb4]
V  [jvm.dll+0x815c11]
V  [jvm.dll+0x370df1]
V  [jvm.dll+0x7f4fdc]
V  [jvm.dll+0x3f3f1f]
V  [jvm.dll+0x3f5b31]
C  [jli.dll+0x528f]
C  [ucrtbase.dll+0x21bb2]
C  [KERNEL32.DLL+0x17614]
C  [ntdll.dll+0x526b1]


---------------  P R O C E S S  ---------------

Threads class SMR info:
_java_thread_list=0x00007ffb97670098, length=0, elements={
}

Java Threads: ( => current thread )

Other Threads:
  0x00000245bcb634f0 GCTaskThread "GC Thread#0" [stack: 0x0000006708200000,0x0000006708300000] [id=31200]
  0x00000245bcb759f0 ConcurrentGCThread "G1 Main Marker" [stack: 0x0000006708300000,0x0000006708400000] [id=30496]
  0x00000245bcb76400 ConcurrentGCThread "G1 Conc#0" [stack: 0x0000006708400000,0x0000006708500000] [id=25348]

[error occurred during error reporting (printing all threads), id 0xc0000005, EXCEPTION_ACCESS_VIOLATION (0xc0000005) at pc=0x00007ffb96e22ab7]

VM state: not at safepoint (not fully initialized)

VM Mutex/Monitor currently owned by a thread:  ([mutex/lock_event])
[0x00000245bcaf2310] Heap_lock - owner thread: 0x00000245bcaf71e0

Heap address: 0x0000000702000000, size: 4064 MB, Compressed Oops mode: Zero based, Oop shift amount: 3

CDS archive(s) mapped at: [0x0000000000000000-0x0000000000000000-0x0000000000000000), size 0, SharedBaseAddress: 0x0000000800000000, ArchiveRelocationMode: 1.
Narrow klass base: 0x0000000000000000, Narrow klass shift: 0, Narrow klass range: 0x0

GC Precious Log:
<Empty>

Heap:
 garbage-first heap   total 0K, used 0K [0x0000000702000000, 0x0000000800000000)
  region size 2048K, 0 young (0K), 0 survivors (0K)
 Metaspace       used 0K, committed 0K, reserved 0K
  class space    used 0K, committed 0K, reserved 0K

Heap Regions: E=young(eden), S=young(survivor), O=old, HS=humongous(starts), HC=humongous(continues), CS=collection set, F=free, OA=open archive, CA=closed archive, TAMS=top-at-mark-start (previous, next)

Card table byte_map: [0x00000245cffd0000,0x00000245d07c0000] _byte_map_base: 0x00000245cc7c0000

Marking Bits (Prev, Next): (CMBitMap*) 0x00000245bcb63b10, (CMBitMap*) 0x00000245bcb63b50
 Prev Bits: [0x00000245d0fb0000, 0x00000245d4f30000)
 Next Bits: [0x00000245d4f30000, 0x00000245d8eb0000)

GC Heap History (0 events):
No events

Dll operation events (1 events):
Event: 0.022 Loaded shared library C:\Program Files\JetBrains\CLion 2021.1.1\jbr\bin\java.dll

Deoptimization events (0 events):
No events

Classes unloaded (0 events):
No events

Classes redefined (0 events):
No events

Internal exceptions (0 events):
No events

VM Operations (0 events):
No events

Events (0 events):
No events


Dynamic libraries:
0x00007ff766ab0000 - 0x00007ff766aba000 	C:\Program Files\JetBrains\CLion 2021.1.1\jbr\bin\java.exe
0x00007ffbf6f30000 - 0x00007ffbf7128000 	C:\Windows\SYSTEM32\ntdll.dll
0x00007ffbf5350000 - 0x00007ffbf540f000 	C:\Windows\System32\KERNEL32.DLL
0x00007ffbf48c0000 - 0x00007ffbf4bb6000 	C:\Windows\System32\KERNELBASE.dll
0x00007ffbf4e60000 - 0x00007ffbf4f60000 	C:\Windows\System32\ucrtbase.dll
0x00007ffbd8ec0000 - 0x00007ffbd8ed7000 	C:\Program Files\JetBrains\CLion 2021.1.1\jbr\bin\jli.dll
0x00007ffbdedd0000 - 0x00007ffbdedeb000 	C:\Program Files\JetBrains\CLion 2021.1.1\jbr\bin\VCRUNTIME140.dll
0x00007ffbf5820000 - 0x00007ffbf59bd000 	C:\Windows\System32\USER32.dll
0x00007ffbf46b0000 - 0x00007ffbf46d2000 	C:\Windows\System32\win32u.dll
0x00007ffbf39f0000 - 0x00007ffbf3c8a000 	C:\Windows\WinSxS\amd64_microsoft.windows.common-controls_6595b64144ccf1df_6.0.19041.1110_none_60b5254171f9507e\COMCTL32.dll
0x00007ffbf5790000 - 0x00007ffbf57bc000 	C:\Windows\System32\GDI32.dll
0x00007ffbf5ba0000 - 0x00007ffbf5c3e000 	C:\Windows\System32\msvcrt.dll
0x00007ffbf47a0000 - 0x00007ffbf48b5000 	C:\Windows\System32\gdi32full.dll
0x00007ffbf4610000 - 0x00007ffbf46ad000 	C:\Windows\System32\msvcp_win.dll
0x00007ffbf5fa0000 - 0x00007ffbf5fd0000 	C:\Windows\System32\IMM32.DLL
0x00007ffbeeb40000 - 0x00007ffbeeb4c000 	C:\Program Files\JetBrains\CLion 2021.1.1\jbr\bin\vcruntime140_1.dll
0x00007ffbb65a0000 - 0x00007ffbb662d000 	C:\Program Files\JetBrains\CLion 2021.1.1\jbr\bin\msvcp140.dll
0x00007ffb96b30000 - 0x00007ffb977b3000 	C:\Program Files\JetBrains\CLion 2021.1.1\jbr\bin\server\jvm.dll
0x00007ffbf65c0000 - 0x00007ffbf666f000 	C:\Windows\System32\ADVAPI32.dll
0x00007ffbf56e0000 - 0x00007ffbf577c000 	C:\Windows\System32\sechost.dll
0x00007ffbf55b0000 - 0x00007ffbf56d6000 	C:\Windows\System32\RPCRT4.dll
0x00007ffbf4210000 - 0x00007ffbf425b000 	C:\Windows\SYSTEM32\POWRPROF.dll
0x00007ffbde540000 - 0x00007ffbde567000 	C:\Windows\SYSTEM32\WINMM.dll
0x00007ffbf2da0000 - 0x00007ffbf2daa000 	C:\Windows\SYSTEM32\VERSION.dll
0x00007ffbdd1c0000 - 0x00007ffbdd1c9000 	C:\Windows\SYSTEM32\WSOCK32.dll
0x00007ffbf5fd0000 - 0x00007ffbf603b000 	C:\Windows\System32\ws2_32.DLL
0x00007ffbf3d80000 - 0x00007ffbf3d92000 	C:\Windows\SYSTEM32\UMPDC.dll
0x00007ffbf2d60000 - 0x00007ffbf2d72000 	C:\Windows\SYSTEM32\kernel.appcore.dll
0x00007ffbecf30000 - 0x00007ffbecf3a000 	C:\Program Files\JetBrains\CLion 2021.1.1\jbr\bin\jimage.dll
0x00007ffbf4020000 - 0x00007ffbf4204000 	C:\Windows\SYSTEM32\DBGHELP.DLL
0x00007ffbf3f60000 - 0x00007ffbf3f94000 	C:\Windows\SYSTEM32\dbgcore.DLL
0x00007ffbf4dd0000 - 0x00007ffbf4e52000 	C:\Windows\System32\bcryptPrimitives.dll
0x00007ffbdb5a0000 - 0x00007ffbdb5c5000 	C:\Program Files\JetBrains\CLion 2021.1.1\jbr\bin\java.dll

dbghelp: loaded successfully - version: 4.0.5 - missing functions: none
symbol engine: initialized successfully - sym options: 0x614 - pdb path: .;C:\Program Files\JetBrains\CLion 2021.1.1\jbr\bin;C:\Windows\SYSTEM32;C:\Windows\WinSxS\amd64_microsoft.windows.common-controls_6595b64144ccf1df_6.0.19041.1110_none_60b5254171f9507e;C:\Program Files\JetBrains\CLion 2021.1.1\jbr\bin\server

VM Arguments:
java_command: git4idea.http.GitAskPassApp Username for 'https://github.com': 
java_class_path (initial): C:/Program Files/JetBrains/CLion 2021.1.1/plugins/vcs-git/lib/git4idea-rt.jar;C:/Program Files/JetBrains/CLion 2021.1.1/lib/externalProcess-rt.jar
Launcher Type: SUN_STANDARD

[Global flags]
     intx CICompilerCount                          = 4                                         {product} {ergonomic}
     uint ConcGCThreads                            = 3                                         {product} {ergonomic}
     uint G1ConcRefinementThreads                  = 10                                        {product} {ergonomic}
   size_t G1HeapRegionSize                         = 2097152                                   {product} {ergonomic}
    uintx GCDrainStackTargetSize                   = 64                                        {product} {ergonomic}
   size_t InitialHeapSize                          = 266338304                                 {product} {ergonomic}
   size_t MarkStackSize                            = 4194304                                   {product} {ergonomic}
   size_t MaxHeapSize                              = 4261412864                                {product} {ergonomic}
   size_t MinHeapDeltaBytes                        = 2097152                                   {product} {ergonomic}
   size_t MinHeapSize                              = 8388608                                   {product} {ergonomic}
    uintx NonNMethodCodeHeapSize                   = 5839372                                {pd product} {ergonomic}
    uintx NonProfiledCodeHeapSize                  = 122909434                              {pd product} {ergonomic}
    uintx ProfiledCodeHeapSize                     = 122909434                              {pd product} {ergonomic}
    uintx ReservedCodeCacheSize                    = 251658240                              {pd product} {ergonomic}
     bool SegmentedCodeCache                       = true                                      {product} {ergonomic}
   size_t SoftMaxHeapSize                          = 4261412864                             {manageable} {ergonomic}
     bool UseCompressedClassPointers               = true                           {product lp64_product} {ergonomic}
     bool UseCompressedOops                        = true                           {product lp64_product} {ergonomic}
     bool UseG1GC                                  = true                                      {product} {ergonomic}
     bool UseLargePagesIndividualAllocation        = false                                  {pd product} {ergonomic}

Logging:
Log output configuration:
 #0: stdout all=warning uptime,level,tags
 #1: stderr all=off uptime,level,tags

Environment Variables:
PATH=C:\Program Files\Git\mingw64\libexec\git-core;C:\Program Files\Git\mingw64\libexec\git-core;C:\Program Files\Git\mingw64\bin;C:\Program Files\Git\usr\bin;C:\Users\danie\bin;C:\Windows\system32;C:\Windows;C:\Windows\System32\Wbem;C:\Windows\System32\WindowsPowerShell\v1.0;C:\Windows\System32\OpenSSH;C:\Program Files (x86)\NVIDIA Corporation\PhysX\Common;C:\Program Files\NVIDIA Corporation\NVIDIA NvDLISR;C:\TDM-GCC-64\bin;C:\Program Files\CMake\bin;C:\Program Files\Git\cmd;C:\Program Files\SourceGear\Common\DiffMerge;C:\Program Files (x86)\Pulse Secure\VC142.CRT\X64;C:\Program Files (x86)\Pulse Secure\VC142.CRT\X86;C:\Program Files (x86)\Bitvise SSH Client;C:\Program Files (x86)\Common Files\Pulse Secure\TNC Client Plugin;C:\Program Files\Go\bin;C:\Users\danie\AppData\Local\Programs\Python\Python36\Scripts;C:\Users\danie\AppData\Local\Programs\Python\Python36;C:\Users\danie\AppData\Local\Microsoft\WindowsApps;C:\Users\danie\AppData\Local\Programs\Microsoft VS Code\bin;C:\Program Files\JetBrains\CLion 2021.1.1\bin;C:\intelFPGA\20.1\modelsim_ase\win32aloem;C:\texlive\2022\bin\win32;C:\Users\danie\go\bin
USERNAME=danie
DISPLAY=:0.0
LC_ALL=en_US.UTF-8
TERM=cygwin
TMPDIR=C:\Users\danie\AppData\Local\Temp
OS=Windows_NT
PROCESSOR_IDENTIFIER=Intel64 Family 6 Model 165 Stepping 2, GenuineIntel
TMP=C:\Users\danie\AppData\Local\Temp
TEMP=C:\Users\danie\AppData\Local\Temp


JNI global refs:
JNI global refs: 0, weak refs: 0

JNI global refs memory usage: 0, weak refs: 0

OOME stack traces (most recent first):
Classloader memory used:


---------------  S Y S T E M  ---------------

OS:
 Windows 10 , 64 bit Build 19041 (10.0.19041.3155)
OS uptime: 9 days 0:20 hours

CPU: total 12 (initial active 12) (6 cores per cpu, 2 threads per core) family 6 model 165 stepping 2 microcode 0xec, cx8, cmov, fxsr, ht, mmx, 3dnowpref, sse, sse2, sse3, ssse3, sse4.1, sse4.2, popcnt, lzcnt, tsc, tscinvbit, avx, avx2, aes, erms, clmul, bmi1, bmi2, adx, fma, vzeroupper, clflush, clflushopt
Processor Information for all 12 processors :
  Max Mhz: 2592, Current Mhz: 2592, Mhz Limit: 2592

Memory: 4k page, system-wide physical 16251M (239M free)
TotalPageFile size 46616M (AvailPageFile size 18M)
current process WorkingSet (physical memory assigned to process): 10M, peak: 10M
current process commit charge ("private bytes"): 64M, peak: 318M

vm_info: OpenJDK 64-Bit Server VM (17.0.8+7-b1000.8) for windows-amd64 JRE (17.0.8+7-b1000.8), built on 2023-08-04 by "builduser" with MS VC++ 16.10 / 16.11 (VS2019)

END.
